\BOOKMARK [1][]{section.1}{Introduction}{}% 1
\BOOKMARK [2][]{subsection.1.1}{Problem Background}{section.1}% 2
\BOOKMARK [2][]{subsection.1.2}{Restatement of Problem}{section.1}% 3
\BOOKMARK [1][]{section.2}{General Assumptions}{}% 4
\BOOKMARK [1][]{section.3}{Symbols and definitions}{}% 5
\BOOKMARK [1][]{section.4}{Integer programming model for single objective}{}% 6
\BOOKMARK [2][]{subsection.4.1}{Analysis and assumptions}{section.4}% 7
\BOOKMARK [2][]{subsection.4.2}{Formalization}{section.4}% 8
\BOOKMARK [2][]{subsection.4.3}{Interpretation}{section.4}% 9
\BOOKMARK [2][]{subsection.4.4}{Variation}{section.4}% 10
\BOOKMARK [1][]{section.5}{Integrated model for double objectives}{}% 11
\BOOKMARK [2][]{subsection.5.1}{Road Network Detection}{section.5}% 12
\BOOKMARK [2][]{subsection.5.2}{Analysis and assumptions}{section.5}% 13
\BOOKMARK [2][]{subsection.5.3}{Formalization}{section.5}% 14
\BOOKMARK [2][]{subsection.5.4}{Interpretation}{section.5}% 15
\BOOKMARK [2][]{subsection.5.5}{Variation}{section.5}% 16
\BOOKMARK [1][]{section.6}{Modified model based on bin-packing algorithm}{}% 17
\BOOKMARK [2][]{subsection.6.1}{Simulated annealing bin-packing algorithm}{section.6}% 18
\BOOKMARK [3][]{subsubsection.6.1.1}{Background}{subsection.6.1}% 19
\BOOKMARK [3][]{subsubsection.6.1.2}{Model Assumptions}{subsection.6.1}% 20
\BOOKMARK [3][]{subsubsection.6.1.3}{Simulated annealing Algorithm}{subsection.6.1}% 21
\BOOKMARK [2][]{subsection.6.2}{Modified model simulated annealing algorithm }{section.6}% 22
\BOOKMARK [1][]{section.7}{The Model Results}{}% 23
\BOOKMARK [1][]{section.8}{Validating the Model}{}% 24
\BOOKMARK [1][]{section.9}{Conclusions}{}% 25
\BOOKMARK [1][]{section.10}{A Summary}{}% 26
\BOOKMARK [1][]{section.11}{Evaluate of the Model}{}% 27
\BOOKMARK [1][]{section.12}{Strengths and weaknesses}{}% 28
\BOOKMARK [2][]{subsection.12.1}{Strengths}{section.12}% 29
\BOOKMARK [1][]{section*.1}{Memo}{}% 30
\BOOKMARK [1][]{section*.3}{Appendices}{}% 31
\BOOKMARK [1][]{Appendix.a.A}{Appendix First appendix}{}% 32
\BOOKMARK [1][]{Appendix.a.B}{Appendix Second appendix}{}% 33
