\BOOKMARK [1][]{section.1}{Introduction}{}% 1
\BOOKMARK [2][]{subsection.1.1}{Problem Background}{section.1}% 2
\BOOKMARK [2][]{subsection.1.2}{Restatement of Problem}{section.1}% 3
\BOOKMARK [1][]{section.2}{General Assumptions}{}% 4
\BOOKMARK [1][]{section.3}{Symbols and definitions}{}% 5
\BOOKMARK [1][]{section.4}{Model 1}{}% 6
\BOOKMARK [1][]{section.5}{Model 2}{}% 7
\BOOKMARK [1][]{section.6}{Introduction}{}% 8
\BOOKMARK [1][]{section.7}{Analysis of the Problem}{}% 9
\BOOKMARK [1][]{section.8}{Calculating and Simplifying the Model }{}% 10
\BOOKMARK [1][]{section.9}{The Model Results}{}% 11
\BOOKMARK [1][]{section.10}{Validating the Model}{}% 12
\BOOKMARK [1][]{section.11}{Conclusions}{}% 13
\BOOKMARK [1][]{section.12}{A Summary}{}% 14
\BOOKMARK [1][]{section.13}{Evaluate of the Mode}{}% 15
\BOOKMARK [1][]{section.14}{Strengths and weaknesses}{}% 16
\BOOKMARK [2][]{subsection.14.1}{Strengths}{section.14}% 17
\BOOKMARK [1][]{section*.2}{Appendices}{}% 18
\BOOKMARK [1][]{Appendix.a.A}{Appendix First appendix}{}% 19
\BOOKMARK [1][]{Appendix.a.B}{Appendix Second appendix}{}% 20
